[debug] [2023-07-12T00:32:54.691Z] ----------------------------------------------------------------------
[debug] [2023-07-12T00:32:54.694Z] Command:       C:\Program Files\nodejs\node.exe C:\Users\L1ch\AppData\Roaming\npm\node_modules\firebase-tools\lib\bin\firebase.js init
[debug] [2023-07-12T00:32:54.695Z] CLI Version:   12.4.3
[debug] [2023-07-12T00:32:54.695Z] Platform:      win32
[debug] [2023-07-12T00:32:54.695Z] Node Version:  v20.2.0
[debug] [2023-07-12T00:32:54.695Z] Time:          Wed Jul 12 2023 02:32:54 GMT+0200 (hora de verano de Europa central)
[debug] [2023-07-12T00:32:54.695Z] ----------------------------------------------------------------------
[debug] 
[debug] [2023-07-12T00:32:54.698Z] >>> [apiv2][query] GET https://firebase-public.firebaseio.com/cli.json [none]
[debug] [2023-07-12T00:32:54.750Z] > command requires scopes: ["email","openid","https://www.googleapis.com/auth/cloudplatformprojects.readonly","https://www.googleapis.com/auth/firebase","https://www.googleapis.com/auth/cloud-platform"]
[debug] [2023-07-12T00:32:54.751Z] > authorizing via signed-in user (lxder2@gmail.com)
[info] 
     ######## #### ########  ######## ########     ###     ######  ########
     ##        ##  ##     ## ##       ##     ##  ##   ##  ##       ##
     ######    ##  ########  ######   ########  #########  ######  ######
     ##        ##  ##    ##  ##       ##     ## ##     ##       ## ##
     ##       #### ##     ## ######## ########  ##     ##  ######  ########

You're about to initialize a Firebase project in this directory:

  E:\Code\Projects\001.todo-app-version1\Todo-list

[debug] [2023-07-12T00:32:55.034Z] <<< [apiv2][status] GET https://firebase-public.firebaseio.com/cli.json 200
[debug] [2023-07-12T00:32:55.034Z] <<< [apiv2][body] GET https://firebase-public.firebaseio.com/cli.json {"cloudBuildErrorAfter":1594252800000,"cloudBuildWarnAfter":1590019200000,"defaultNode10After":1594252800000,"minVersion":"3.0.5","node8DeploysDisabledAfter":1613390400000,"node8RuntimeDisabledAfter":1615809600000,"node8WarnAfter":1600128000000}
